#
# A fatal error has been detected by the Java Runtime Environment:
#
#  SIGSEGV (0xb) at pc=0x00007fff88af14dd, pid=44092, tid=0x0000000000000a0b
#
# JRE version: Java(TM) SE Runtime Environment (8.0_101-b13) (build 1.8.0_101-b13)
# Java VM: Java HotSpot(TM) 64-Bit Server VM (25.101-b13 mixed mode bsd-amd64 compressed oops)
# Problematic frame:
# C  [libobjc.A.dylib+0x14dd]  objc_msgSend+0x1d
#
# Failed to write core dump. Core dumps have been disabled. To enable core dumping, try "ulimit -c unlimited" before starting Java again
#
# If you would like to submit a bug report, please visit:
#   http://bugreport.java.com/bugreport/crash.jsp
# The crash happened outside the Java Virtual Machine in native code.
# See problematic frame for where to report the bug.
#

---------------  T H R E A D  ---------------

Current thread (0x00007fafda93d800):  JavaThread "AWT-AppKit" daemon [_thread_in_native, id=2571, stack(0x00007fff5d589000,0x00007fff5dd89000)]

siginfo: si_signo: 11 (SIGSEGV), si_code: 1 (SEGV_MAPERR), si_addr: 0x0000000000000018

Registers:
RAX=0x00007fafdc5a1d40, RBX=0x0000000171d90450, RCX=0x000000011ba83600, RDX=0x000000011bb78be0
RSP=0x00007fff5dd844a8, RBP=0x00007fff5dd84560, RSI=0x00007fff8683dcbe, RDI=0x00007fafd9f85d30
R8 =0x0000000000000000, R9 =0x00000000000008b0, R10=0x00007fff8683dcbe, R11=0x0000000000000000
R12=0x0000000000000000, R13=0x0000000176b69d10, R14=0x0000000171d90440, R15=0x00007fafda93d800
RIP=0x00007fff88af14dd, EFLAGS=0x0000000000010246, ERR=0x0000000000000004
  TRAPNO=0x000000000000000e

Top of Stack: (sp=0x00007fff5dd844a8)
0x00007fff5dd844a8:   0000000171d8e157 00007fff5dd84500
0x00007fff5dd844b8:   0000000000000003 00007fff5dd844e0
0x00007fff5dd844c8:   0000000102bf28e6 0000000176b69d10
0x00007fff5dd844d8:   0000000176b69d10 00007fafdc5a1d40
0x00007fff5dd844e8:   0000000171d906a0 0000000171d90710
0x00007fff5dd844f8:   00007fff7a550770 00007fff76fe1500
0x00007fff5dd84508:   0000000171d90450 0000000171d90690
0x00007fff5dd84518:   00007fafdc5a1d40 00007fafd9f85d30
0x00007fff5dd84528:   00007fafd9e27c50 00007fafdc5a1d40
0x00007fff5dd84538:   00007fafd9f85d30 00007fff5dd845e8
0x00007fff5dd84548:   00007fafda93d9f8 0000000176b69d10
0x00007fff5dd84558:   00007fff5dd84610 00007fff5dd845d8
0x00007fff5dd84568:   00000001039b49d4 0000000176b69d10
0x00007fff5dd84578:   00007fff5dd84610 00007fff5dd845d8
0x00007fff5dd84588:   00000001039b4767 00000001039b4722
0x00007fff5dd84598:   00007fff5dd84598 0000000176b69d10
0x00007fff5dd845a8:   00007fff5dd84610 0000000176b8d028
0x00007fff5dd845b8:   0000000000000000 0000000176b69d10
0x00007fff5dd845c8:   0000000000000000 00007fff5dd845f8
0x00007fff5dd845d8:   00007fff5dd84658 00000001039a52bd
0x00007fff5dd845e8:   00000007403d8500 00000001039ae538
0x00007fff5dd845f8:   00007fafdc5a1d40 00007fff5dd84658
0x00007fff5dd84608:   00007fafd9f85d30 00000001039afe02
0x00007fff5dd84618:   00007fff5dd84618 0000000176b69eda
0x00007fff5dd84628:   00007fff5dd84680 0000000176b8d028
0x00007fff5dd84638:   0000000000000000 0000000176b69ee8
0x00007fff5dd84648:   00007fff5dd845f8 00007fff5dd84668
0x00007fff5dd84658:   00007fff5dd846c8 00000001039a52bd
0x00007fff5dd84668:   00007fafdc5a1d40 00000007400e9060
0x00007fff5dd84678:   00007fafd9f85d30 00000007400e9060
0x00007fff5dd84688:   00007fff5dd84688 000000017a8f0076
0x00007fff5dd84698:   00007fff5dd846d8 000000017a8f0130 

Instructions: (pc=0x00007fff88af14dd)
0x00007fff88af14bd:   44 00 00 48 85 ff 2e 74 62 40 f6 c7 01 2e 75 66
0x00007fff88af14cd:   49 bb f8 ff ff ff ff 7f 00 00 4c 23 1f 49 89 f2
0x00007fff88af14dd:   45 23 53 18 49 c1 e2 04 4d 03 53 10 49 3b 32 75
0x00007fff88af14ed:   04 41 ff 62 08 49 83 3a 01 76 0d 49 83 c2 10 49 

Register to memory mapping:

RAX=0x00007fafdc5a1d40 is an unknown value
RBX=0x0000000171d90450: Java_jogamp_nativewindow_macosx_OSXUtil_GetScreenRefreshRate0+0x1cf0 in /private/var/folders/n4/mn6_p6sn53381b9brj6bbx_80000gn/T/jogamp_0000/file_cache/jln7481864827739853386/jln1065236616573848524/libnativewindow_macosx.jnilib at 0x0000000171d89000
RCX=0x000000011ba83600 is an unknown value
RDX=0x000000011bb78be0 is an unknown value
RSP=0x00007fff5dd844a8 is pointing into the stack for thread: 0x00007fafda93d800
RBP=0x00007fff5dd84560 is pointing into the stack for thread: 0x00007fafda93d800
RSI=0x00007fff8683dcbe is an unknown value
RDI=0x00007fafd9f85d30 is an unknown value
R8 =0x0000000000000000 is an unknown value
R9 =0x00000000000008b0 is an unknown value
R10=0x00007fff8683dcbe is an unknown value
R11=0x0000000000000000 is an unknown value
R12=0x0000000000000000 is an unknown value
R13={method} {0x0000000176b69d10} 'UnsetJAWTRootSurfaceLayer0' '(JJ)V' in 'jogamp/nativewindow/jawt/macosx/MacOSXJAWTWindow'
R14=0x0000000171d90440: Java_jogamp_nativewindow_macosx_OSXUtil_GetScreenRefreshRate0+0x1ce0 in /private/var/folders/n4/mn6_p6sn53381b9brj6bbx_80000gn/T/jogamp_0000/file_cache/jln7481864827739853386/jln1065236616573848524/libnativewindow_macosx.jnilib at 0x0000000171d89000
R15=0x00007fafda93d800 is a thread


Stack: [0x00007fff5d589000,0x00007fff5dd89000],  sp=0x00007fff5dd844a8,  free space=8173k
Native frames: (J=compiled Java code, j=interpreted, Vv=VM code, C=native code)
C  [libobjc.A.dylib+0x14dd]  objc_msgSend+0x1d
j  jogamp.nativewindow.jawt.macosx.MacOSXJAWTWindow.UnsetJAWTRootSurfaceLayer0(JJ)V+0
j  jogamp.nativewindow.jawt.macosx.MacOSXJAWTWindow.access$200(JJ)V+2
j  jogamp.nativewindow.jawt.macosx.MacOSXJAWTWindow$1.run()V+38
j  com.jogamp.common.util.RunnableTask.run()V+24
v  ~StubRoutines::call_stub
V  [libjvm.dylib+0x2ecf06]  JavaCalls::call_helper(JavaValue*, methodHandle*, JavaCallArguments*, Thread*)+0x6ae
V  [libjvm.dylib+0x324111]  jni_invoke_nonstatic(JNIEnv_*, JavaValue*, _jobject*, JNICallType, _jmethodID*, JNI_ArgumentPusher*, Thread*)+0x2ec
V  [libjvm.dylib+0x3168df]  jni_CallVoidMethod+0x16b
C  [libnativewindow_macosx.jnilib+0x5326]  Java_jogamp_nativewindow_jawt_macosx_MacOSXJAWTWindow_UnsetJAWTRootSurfaceLayer0+0x2b6
C  [Foundation+0x76fde]  __NSThreadPerformPerform+0x117
C  [CoreFoundation+0xaa7e1]  __CFRUNLOOP_IS_CALLING_OUT_TO_A_SOURCE0_PERFORM_FUNCTION__+0x11
C  [CoreFoundation+0x89e97]  __CFRunLoopDoSources0+0x1a7
C  [CoreFoundation+0x8943f]  __CFRunLoopRun+0x39f
C  [CoreFoundation+0x88e38]  CFRunLoopRunSpecific+0x128
C  [HIToolbox+0x30935]  RunCurrentEventLoopInMode+0xeb
C  [HIToolbox+0x30677]  ReceiveNextEventCommon+0xb8
C  [HIToolbox+0x305af]  _BlockUntilNextEventMatchingListInModeWithFilter+0x47
C  [AppKit+0x48df6]  _DPSNextEvent+0x42b
C  [AppKit+0x48226]  -[NSApplication _nextEventMatchingEventMask:untilDate:inMode:dequeue:]+0x1c6
C  [libosxapp.dylib+0x23aa]  -[NSApplicationAWT nextEventMatchingMask:untilDate:inMode:dequeue:]+0x7c
C  [AppKit+0x3cd80]  -[NSApplication run]+0x2aa
C  [libosxapp.dylib+0x214d]  +[NSApplicationAWT runAWTLoopWithApp:]+0x9c
C  [libawt_lwawt.dylib+0x444b3]  -[AWTStarter starter:]+0x389
C  [Foundation+0x76fde]  __NSThreadPerformPerform+0x117
C  [CoreFoundation+0xaa7e1]  __CFRUNLOOP_IS_CALLING_OUT_TO_A_SOURCE0_PERFORM_FUNCTION__+0x11
C  [CoreFoundation+0x89f1c]  __CFRunLoopDoSources0+0x22c
C  [CoreFoundation+0x8943f]  __CFRunLoopRun+0x39f
C  [CoreFoundation+0x88e38]  CFRunLoopRunSpecific+0x128
C  [java+0x6465]  CreateExecutionEnvironment+0x367
C  [java+0x218c]  JLI_Launch+0x7a0
C  [java+0x84c2]  main+0x65
C  [java+0x19e4]  start+0x34
C  0x0000000000000007

Java frames: (J=compiled Java code, j=interpreted, Vv=VM code)
j  jogamp.nativewindow.jawt.macosx.MacOSXJAWTWindow.UnsetJAWTRootSurfaceLayer0(JJ)V+0
j  jogamp.nativewindow.jawt.macosx.MacOSXJAWTWindow.access$200(JJ)V+2
j  jogamp.nativewindow.jawt.macosx.MacOSXJAWTWindow$1.run()V+38
j  com.jogamp.common.util.RunnableTask.run()V+24
v  ~StubRoutines::call_stub

---------------  P R O C E S S  ---------------

Java Threads: ( => current thread )
  0x00007fafda62f000 JavaThread "Thread-215" [_thread_blocked, id=66591, stack(0x000070000104a000,0x000070000114a000)]
  0x00007fafdab37000 JavaThread "Image Fetcher 3" daemon [_thread_blocked, id=64751, stack(0x0000700002186000,0x0000700002286000)]
  0x00007fafdb11d000 JavaThread "Image Fetcher 2" daemon [_thread_blocked, id=38399, stack(0x0000700002083000,0x0000700002183000)]
  0x00007fafdb28f000 JavaThread "Image Fetcher 1" daemon [_thread_blocked, id=23467, stack(0x0000700001f80000,0x0000700002080000)]
  0x00007fafda7b3800 JavaThread "Image Fetcher 0" daemon [_thread_blocked, id=13715, stack(0x0000700001e7d000,0x0000700001f7d000)]
  0x00007fafdb27b000 JavaThread "Keep-Alive-Timer" daemon [_thread_blocked, id=28315, stack(0x0000700001d7a000,0x0000700001e7a000)]
  0x00007fafdbc9d000 JavaThread "AWT-EventQueue-1" [_thread_in_native, id=59419, stack(0x00007000018eb000,0x00007000019eb000)]
  0x00007fafdb802000 JavaThread "DestroyJavaVM" [_thread_blocked, id=5891, stack(0x000070000011a000,0x000070000021a000)]
  0x00007fafda153000 JavaThread "AWT-EventQueue-0" [_thread_blocked, id=56323, stack(0x00007000016e5000,0x00007000017e5000)]
  0x00007fafda145800 JavaThread "Java2D Disposer" daemon [_thread_blocked, id=49423, stack(0x000070000145c000,0x000070000155c000)]
  0x00007fafdb962000 JavaThread "Java2D Queue Flusher" daemon [_thread_blocked, id=49931, stack(0x0000700001359000,0x0000700001459000)]
  0x00007fafda944000 JavaThread "AWT-Shutdown" [_thread_blocked, id=27955, stack(0x00007000011d3000,0x00007000012d3000)]
=>0x00007fafda93d800 JavaThread "AWT-AppKit" daemon [_thread_in_native, id=2571, stack(0x00007fff5d589000,0x00007fff5dd89000)]
  0x00007fafdb83d000 JavaThread "Service Thread" daemon [_thread_blocked, id=18435, stack(0x0000700000dc1000,0x0000700000ec1000)]
  0x00007fafdb016800 JavaThread "C1 CompilerThread2" daemon [_thread_blocked, id=17923, stack(0x0000700000cbe000,0x0000700000dbe000)]
  0x00007fafda011000 JavaThread "C2 CompilerThread1" daemon [_thread_blocked, id=17411, stack(0x0000700000bbb000,0x0000700000cbb000)]
  0x00007fafda00f800 JavaThread "C2 CompilerThread0" daemon [_thread_blocked, id=16899, stack(0x0000700000ab8000,0x0000700000bb8000)]
  0x00007fafda025800 JavaThread "Signal Dispatcher" daemon [_thread_blocked, id=12815, stack(0x00007000009b5000,0x0000700000ab5000)]
  0x00007fafda809800 JavaThread "Finalizer" daemon [_thread_blocked, id=12291, stack(0x000070000082f000,0x000070000092f000)]
  0x00007fafda809000 JavaThread "Reference Handler" daemon [_thread_blocked, id=11779, stack(0x000070000072c000,0x000070000082c000)]

Other Threads:
  0x00007fafdb831000 VMThread [stack: 0x0000700000629000,0x0000700000729000] [id=11267]
  0x00007fafdb029800 WatcherThread [stack: 0x0000700000ec4000,0x0000700000fc4000] [id=18947]

VM state:not at safepoint (normal execution)

VM Mutex/Monitor currently owned by a thread: None

Heap:
 PSYoungGen      total 34304K, used 15694K [0x0000000795580000, 0x0000000798100000, 0x00000007c0000000)
  eden space 24064K, 46% used [0x0000000795580000,0x000000079605b8e8,0x0000000796d00000)
  from space 10240K, 44% used [0x0000000796d00000,0x0000000797178120,0x0000000797700000)
  to   space 10240K, 0% used [0x0000000797700000,0x0000000797700000,0x0000000798100000)
 ParOldGen       total 87552K, used 63084K [0x0000000740000000, 0x0000000745580000, 0x0000000795580000)
  object space 87552K, 72% used [0x0000000740000000,0x0000000743d9b2e0,0x0000000745580000)
 Metaspace       used 19691K, capacity 19915K, committed 20224K, reserved 1067008K
  class space    used 1885K, capacity 1982K, committed 2048K, reserved 1048576K

Card table byte_map: [0x0000000112d5d000,0x000000011315e000] byte_map_base: 0x000000010f35d000

Marking Bits: (ParMarkBitMap*) 0x00000001032edd20
 Begin Bits: [0x0000000113409000, 0x0000000115409000)
 End Bits:   [0x0000000115409000, 0x0000000117409000)

Polling page: 0x000000010213a000

CodeCache: size=245760Kb used=8647Kb max_used=8850Kb free=237112Kb
 bounds [0x000000010399d000, 0x000000010426d000, 0x000000011299d000]
 total_blobs=3322 nmethods=2447 adapters=788
 compilation: enabled

Compilation events (10 events):
Event: 136.528 Thread 0x00007fafda011000 2922   !   4       java.util.Collections$SynchronizedMap::get (25 bytes)
Event: 136.533 Thread 0x00007fafda011000 nmethod 2922 0x0000000103f4a550 code [0x0000000103f4a6c0, 0x0000000103f4ac08]
Event: 136.540 Thread 0x00007fafda00f800 2923       4       java.lang.Runtime::getRuntime (4 bytes)
Event: 136.540 Thread 0x00007fafda00f800 nmethod 2923 0x0000000103b4d7d0 code [0x0000000103b4d920, 0x0000000103b4d978]
Event: 137.766 Thread 0x00007fafda011000 2924       4       sun.awt.SunToolkit::postEvent (157 bytes)
Event: 137.782 Thread 0x00007fafda011000 nmethod 2924 0x0000000103f14d10 code [0x0000000103f14f60, 0x0000000103f15af0]
Event: 138.324 Thread 0x00007fafda00f800 2925       4       sun.java2d.SurfaceData::pixelFor (13 bytes)
Event: 138.324 Thread 0x00007fafda011000 2926       4       sun.awt.image.PixelConverter$ArgbPre::rgbToPixel (100 bytes)
Event: 138.325 Thread 0x00007fafda011000 nmethod 2926 0x0000000103decc50 code [0x0000000103decda0, 0x0000000103dece18]
Event: 138.325 Thread 0x00007fafda00f800 nmethod 2925 0x0000000103fc4310 code [0x0000000103fc4460, 0x0000000103fc4538]

GC Heap History (10 events):
Event: 119.646 GC heap before
{Heap before GC invocations=27 (full 0):
 PSYoungGen      total 36352K, used 24160K [0x0000000795580000, 0x0000000798600000, 0x00000007c0000000)
  eden space 24064K, 100% used [0x0000000795580000,0x0000000796d00000,0x0000000796d00000)
  from space 12288K, 0% used [0x0000000797a00000,0x0000000797a18000,0x0000000798600000)
  to   space 12800K, 0% used [0x0000000796d00000,0x0000000796d00000,0x0000000797980000)
 ParOldGen       total 87552K, used 61876K [0x0000000740000000, 0x0000000745580000, 0x0000000795580000)
  object space 87552K, 70% used [0x0000000740000000,0x0000000743c6d1e0,0x0000000745580000)
 Metaspace       used 19624K, capacity 19883K, committed 20224K, reserved 1067008K
  class space    used 1877K, capacity 1950K, committed 2048K, reserved 1048576K
Event: 119.647 GC heap after
Heap after GC invocations=27 (full 0):
 PSYoungGen      total 24576K, used 96K [0x0000000795580000, 0x0000000798500000, 0x00000007c0000000)
  eden space 24064K, 0% used [0x0000000795580000,0x0000000795580000,0x0000000796d00000)
  from space 512K, 18% used [0x0000000796d00000,0x0000000796d18000,0x0000000796d80000)
  to   space 12288K, 0% used [0x0000000797900000,0x0000000797900000,0x0000000798500000)
 ParOldGen       total 87552K, used 61876K [0x0000000740000000, 0x0000000745580000, 0x0000000795580000)
  object space 87552K, 70% used [0x0000000740000000,0x0000000743c6d1e0,0x0000000745580000)
 Metaspace       used 19624K, capacity 19883K, committed 20224K, reserved 1067008K
  class space    used 1877K, capacity 1950K, committed 2048K, reserved 1048576K
}
Event: 125.149 GC heap before
{Heap before GC invocations=28 (full 0):
 PSYoungGen      total 24576K, used 24160K [0x0000000795580000, 0x0000000798500000, 0x00000007c0000000)
  eden space 24064K, 100% used [0x0000000795580000,0x0000000796d00000,0x0000000796d00000)
  from space 512K, 18% used [0x0000000796d00000,0x0000000796d18000,0x0000000796d80000)
  to   space 12288K, 0% used [0x0000000797900000,0x0000000797900000,0x0000000798500000)
 ParOldGen       total 87552K, used 61876K [0x0000000740000000, 0x0000000745580000, 0x0000000795580000)
  object space 87552K, 70% used [0x0000000740000000,0x0000000743c6d1e0,0x0000000745580000)
 Metaspace       used 19624K, capacity 19883K, committed 20224K, reserved 1067008K
  class space    used 1877K, capacity 1950K, committed 2048K, reserved 1048576K
Event: 125.150 GC heap after
Heap after GC invocations=28 (full 0):
 PSYoungGen      total 35328K, used 96K [0x0000000795580000, 0x0000000798400000, 0x00000007c0000000)
  eden space 24064K, 0% used [0x0000000795580000,0x0000000795580000,0x0000000796d00000)
  from space 11264K, 0% used [0x0000000797900000,0x0000000797918000,0x0000000798400000)
  to   space 11776K, 0% used [0x0000000796d00000,0x0000000796d00000,0x0000000797880000)
 ParOldGen       total 87552K, used 61876K [0x0000000740000000, 0x0000000745580000, 0x0000000795580000)
  object space 87552K, 70% used [0x0000000740000000,0x0000000743c6d1e0,0x0000000745580000)
 Metaspace       used 19624K, capacity 19883K, committed 20224K, reserved 1067008K
  class space    used 1877K, capacity 1950K, committed 2048K, reserved 1048576K
}
Event: 130.637 GC heap before
{Heap before GC invocations=29 (full 0):
 PSYoungGen      total 35328K, used 24160K [0x0000000795580000, 0x0000000798400000, 0x00000007c0000000)
  eden space 24064K, 100% used [0x0000000795580000,0x0000000796d00000,0x0000000796d00000)
  from space 11264K, 0% used [0x0000000797900000,0x0000000797918000,0x0000000798400000)
  to   space 11776K, 0% used [0x0000000796d00000,0x0000000796d00000,0x0000000797880000)
 ParOldGen       total 87552K, used 61876K [0x0000000740000000, 0x0000000745580000, 0x0000000795580000)
  object space 87552K, 70% used [0x0000000740000000,0x0000000743c6d1e0,0x0000000745580000)
 Metaspace       used 19624K, capacity 19883K, committed 20224K, reserved 1067008K
  class space    used 1877K, capacity 1950K, committed 2048K, reserved 1048576K
Event: 130.638 GC heap after
Heap after GC invocations=29 (full 0):
 PSYoungGen      total 24576K, used 64K [0x0000000795580000, 0x0000000798200000, 0x00000007c0000000)
  eden space 24064K, 0% used [0x0000000795580000,0x0000000795580000,0x0000000796d00000)
  from space 512K, 12% used [0x0000000796d00000,0x0000000796d10000,0x0000000796d80000)
  to   space 10752K, 0% used [0x0000000797780000,0x0000000797780000,0x0000000798200000)
 ParOldGen       total 87552K, used 61876K [0x0000000740000000, 0x0000000745580000, 0x0000000795580000)
  object space 87552K, 70% used [0x0000000740000000,0x0000000743c6d1e0,0x0000000745580000)
 Metaspace       used 19624K, capacity 19883K, committed 20224K, reserved 1067008K
  class space    used 1877K, capacity 1950K, committed 2048K, reserved 1048576K
}
Event: 134.609 GC heap before
{Heap before GC invocations=30 (full 0):
 PSYoungGen      total 24576K, used 23962K [0x0000000795580000, 0x0000000798200000, 0x00000007c0000000)
  eden space 24064K, 99% used [0x0000000795580000,0x0000000796cd6a78,0x0000000796d00000)
  from space 512K, 12% used [0x0000000796d00000,0x0000000796d10000,0x0000000796d80000)
  to   space 10752K, 0% used [0x0000000797780000,0x0000000797780000,0x0000000798200000)
 ParOldGen       total 87552K, used 61876K [0x0000000740000000, 0x0000000745580000, 0x0000000795580000)
  object space 87552K, 70% used [0x0000000740000000,0x0000000743c6d1e0,0x0000000745580000)
 Metaspace       used 19646K, capacity 19883K, committed 20224K, reserved 1067008K
  class space    used 1877K, capacity 1950K, committed 2048K, reserved 1048576K
Event: 134.610 GC heap after
Heap after GC invocations=30 (full 0):
 PSYoungGen      total 33792K, used 1904K [0x0000000795580000, 0x0000000798100000, 0x00000007c0000000)
  eden space 24064K, 0% used [0x0000000795580000,0x0000000795580000,0x0000000796d00000)
  from space 9728K, 19% used [0x0000000797780000,0x000000079795c080,0x0000000798100000)
  to   space 10240K, 0% used [0x0000000796d00000,0x0000000796d00000,0x0000000797700000)
 ParOldGen       total 87552K, used 61892K [0x0000000740000000, 0x0000000745580000, 0x0000000795580000)
  object space 87552K, 70% used [0x0000000740000000,0x0000000743c711e0,0x0000000745580000)
 Metaspace       used 19646K, capacity 19883K, committed 20224K, reserved 1067008K
  class space    used 1877K, capacity 1950K, committed 2048K, reserved 1048576K
}
Event: 136.567 GC heap before
{Heap before GC invocations=31 (full 0):
 PSYoungGen      total 33792K, used 25870K [0x0000000795580000, 0x0000000798100000, 0x00000007c0000000)
  eden space 24064K, 99% used [0x0000000795580000,0x0000000796ce78e8,0x0000000796d00000)
  from space 9728K, 19% used [0x0000000797780000,0x000000079795c080,0x0000000798100000)
  to   space 10240K, 0% used [0x0000000796d00000,0x0000000796d00000,0x0000000797700000)
 ParOldGen       total 87552K, used 61892K [0x0000000740000000, 0x0000000745580000, 0x0000000795580000)
  object space 87552K, 70% used [0x0000000740000000,0x0000000743c711e0,0x0000000745580000)
 Metaspace       used 19656K, capacity 19883K, committed 20224K, reserved 1067008K
  class space    used 1877K, capacity 1950K, committed 2048K, reserved 1048576K
Event: 136.569 GC heap after
Heap after GC invocations=31 (full 0):
 PSYoungGen      total 34304K, used 4576K [0x0000000795580000, 0x0000000798100000, 0x00000007c0000000)
  eden space 24064K, 0% used [0x0000000795580000,0x0000000795580000,0x0000000796d00000)
  from space 10240K, 44% used [0x0000000796d00000,0x0000000797178120,0x0000000797700000)
  to   space 10240K, 0% used [0x0000000797700000,0x0000000797700000,0x0000000798100000)
 ParOldGen       total 87552K, used 63084K [0x0000000740000000, 0x0000000745580000, 0x0000000795580000)
  object space 87552K, 72% used [0x0000000740000000,0x0000000743d9b2e0,0x0000000745580000)
 Metaspace       used 19656K, capacity 19883K, committed 20224K, reserved 1067008K
  class space    used 1877K, capacity 1950K, committed 2048K, reserved 1048576K
}

Deoptimization events (10 events):
Event: 138.354 Thread 0x00007fafda148800 Uncommon trap: reason=unstable_if action=reinterpret pc=0x0000000103da63d4 method=java.util.HashMap.putVal(ILjava/lang/Object;Ljava/lang/Object;ZZ)Ljava/lang/Object; @ 81
Event: 138.355 Thread 0x00007fafda153000 Uncommon trap: reason=class_check action=maybe_recompile pc=0x0000000103dbd3f0 method=java.awt.Component.getGraphics()Ljava/awt/Graphics; @ 114
Event: 138.357 Thread 0x00007fafda93d800 Uncommon trap: reason=class_check action=maybe_recompile pc=0x0000000103e63240 method=com.jogamp.common.util.RunnableTask.run()V @ 24
Event: 138.358 Thread 0x00007fafda93d800 Uncommon trap: reason=unstable_if action=reinterpret pc=0x0000000103cf95fc method=jogamp.nativewindow.macosx.OSXUtil.RunOnMainThread(ZZLjava/lang/Runnable;)V @ 3
Event: 138.364 Thread 0x00007fafdbc9d000 Uncommon trap: reason=unstable_if action=reinterpret pc=0x0000000103ef7d98 method=jogamp.opengl.GLContextImpl.release(Z)V @ 161
Event: 138.366 Thread 0x00007fafdbc9d000 Uncommon trap: reason=unstable_if action=reinterpret pc=0x00000001041c2e18 method=java.util.LinkedList$ListItr.<init>(Ljava/util/LinkedList;I)V @ 26
Event: 138.367 Thread 0x00007fafdbc9d000 Uncommon trap: reason=unstable_if action=reinterpret pc=0x00000001040bd9a0 method=java.security.AccessControlContext.optimize()Ljava/security/AccessControlContext; @ 233
Event: 138.368 Thread 0x00007fafdbc9d000 Uncommon trap: reason=unstable_if action=reinterpret pc=0x00000001041bd3c4 method=java.util.LinkedList$ListItr.<init>(Ljava/util/LinkedList;I)V @ 26
Event: 138.369 Thread 0x00007fafda153000 Uncommon trap: reason=class_check action=maybe_recompile pc=0x0000000103dbd3f0 method=java.awt.Component.getGraphics()Ljava/awt/Graphics; @ 114
Event: 138.373 Thread 0x00007fafda93d800 Uncommon trap: reason=class_check action=maybe_recompile pc=0x0000000103e63240 method=com.jogamp.common.util.RunnableTask.run()V @ 24

Internal exceptions (10 events):
Event: 0.144 Thread 0x00007fafdb802000 Exception <a 'java/lang/NoSuchFieldError': method resolution failed> (0x0000000795785798) thrown at [/HUDSON3/workspace/8-2-build-macosx-x86_64/jdk8u101/7261/hotspot/src/share/vm/prims/methodHandles.cpp, line 1146]
Event: 0.146 Thread 0x00007fafdb802000 Exception <a 'java/lang/NoSuchFieldError': method resolution failed> (0x0000000795792f68) thrown at [/HUDSON3/workspace/8-2-build-macosx-x86_64/jdk8u101/7261/hotspot/src/share/vm/prims/methodHandles.cpp, line 1146]
Event: 0.316 Thread 0x00007fafdb802000 Exception <a 'java/io/FileNotFoundException'> (0x000000079580e480) thrown at [/HUDSON3/workspace/8-2-build-macosx-x86_64/jdk8u101/7261/hotspot/src/share/vm/prims/jni.cpp, line 709]
Event: 0.316 Thread 0x00007fafdb802000 Exception <a 'java/io/FileNotFoundException'> (0x000000079580f000) thrown at [/HUDSON3/workspace/8-2-build-macosx-x86_64/jdk8u101/7261/hotspot/src/share/vm/prims/jni.cpp, line 709]
Event: 0.432 Thread 0x00007fafdb802000 Exception <a 'java/io/FileNotFoundException'> (0x0000000795949c80) thrown at [/HUDSON3/workspace/8-2-build-macosx-x86_64/jdk8u101/7261/hotspot/src/share/vm/prims/jni.cpp, line 709]
Event: 1.688 Thread 0x00007fafda171800 Exception <a 'java/lang/UnsatisfiedLinkError': com.jogamp.common.util.JarUtil.fixNativeLibAttribs(Ljava/lang/String;)Z> (0x0000000796a4d908) thrown at [/HUDSON3/workspace/8-2-build-macosx-x86_64/jdk8u101/7261/hotspot/src/share/vm/prims/nativeLookup.cpp, l
Event: 1.995 Thread 0x00007fafda809800 Exception <a 'java/lang/NullPointerException'> (0x00000007956a6df0) thrown at [/HUDSON3/workspace/8-2-build-macosx-x86_64/jdk8u101/7261/hotspot/src/share/vm/interpreter/linkResolver.cpp, line 1178]
Event: 2.469 Thread 0x00007fafdbc9d000 Exception <a 'java/io/FileNotFoundException'> (0x0000000795e46870) thrown at [/HUDSON3/workspace/8-2-build-macosx-x86_64/jdk8u101/7261/hotspot/src/share/vm/prims/jni.cpp, line 709]
Event: 2.470 Thread 0x00007fafdbc9d000 Exception <a 'java/io/FileNotFoundException'> (0x0000000795e4c840) thrown at [/HUDSON3/workspace/8-2-build-macosx-x86_64/jdk8u101/7261/hotspot/src/share/vm/prims/jni.cpp, line 709]
Event: 2.470 Thread 0x00007fafdbc9d000 Implicit null exception at 0x0000000103b3aa35 to 0x0000000103b3adad

Events (10 events):
Event: 138.368 Thread 0x00007fafdbc9d000 DEOPT UNPACKING pc=0x00000001039a2229 sp=0x00007000019e8958 mode 2
Event: 138.369 Thread 0x00007fafda148800 Thread exited: 0x00007fafda148800
Event: 138.369 loading class java/awt/Window$1DisposeAction
Event: 138.369 loading class java/awt/Window$1DisposeAction done
Event: 138.369 Thread 0x00007fafda153000 Uncommon trap: trap_request=0xffffffde fr.pc=0x0000000103dbd3f0
Event: 138.370 Thread 0x00007fafda153000 DEOPT PACKING pc=0x0000000103dbd3f0 sp=0x00007000017e2b80
Event: 138.370 Thread 0x00007fafda153000 DEOPT UNPACKING pc=0x00000001039a2229 sp=0x00007000017e2b90 mode 2
Event: 138.373 Thread 0x00007fafda93d800 Uncommon trap: trap_request=0xffffffde fr.pc=0x0000000103e63240
Event: 138.373 Thread 0x00007fafda93d800 DEOPT PACKING pc=0x0000000103e63240 sp=0x00007fff5dd84720
Event: 138.373 Thread 0x00007fafda93d800 DEOPT UNPACKING pc=0x00000001039a2229 sp=0x00007fff5dd846c8 mode 2


Dynamic libraries:
0x000000000628c000 	/System/Library/Frameworks/Cocoa.framework/Versions/A/Cocoa
0x000000000628c000 	/System/Library/Frameworks/Security.framework/Versions/A/Security
0x000000000628c000 	/System/Library/Frameworks/ApplicationServices.framework/Versions/A/ApplicationServices
0x000000000628c000 	/usr/lib/libz.1.dylib
0x000000000628c000 	/usr/lib/libSystem.B.dylib
0x000000000628c000 	/usr/lib/libobjc.A.dylib
0x000000000628c000 	/System/Library/Frameworks/CoreFoundation.framework/Versions/A/CoreFoundation
0x000000000628c000 	/System/Library/Frameworks/Foundation.framework/Versions/C/Foundation
0x000000000628c000 	/System/Library/Frameworks/AppKit.framework/Versions/C/AppKit
0x000000000628c000 	/System/Library/Frameworks/CoreData.framework/Versions/A/CoreData
0x000000000628c000 	/System/Library/PrivateFrameworks/RemoteViewServices.framework/Versions/A/RemoteViewServices
0x000000000628c000 	/System/Library/PrivateFrameworks/UIFoundation.framework/Versions/A/UIFoundation
0x000000000628c000 	/usr/lib/libScreenReader.dylib
0x000000000628c000 	/System/Library/Frameworks/Accelerate.framework/Versions/A/Accelerate
0x000000000628c000 	/System/Library/Frameworks/IOSurface.framework/Versions/A/IOSurface
0x000000000628c000 	/System/Library/Frameworks/AudioToolbox.framework/Versions/A/AudioToolbox
0x000000000628c000 	/System/Library/Frameworks/AudioUnit.framework/Versions/A/AudioUnit
0x000000000628c000 	/System/Library/PrivateFrameworks/DataDetectorsCore.framework/Versions/A/DataDetectorsCore
0x000000000628c000 	/System/Library/PrivateFrameworks/DesktopServicesPriv.framework/Versions/A/DesktopServicesPriv
0x000000000628c000 	/System/Library/Frameworks/Carbon.framework/Versions/A/Frameworks/HIToolbox.framework/Versions/A/HIToolbox
0x000000000628c000 	/System/Library/Frameworks/QuartzCore.framework/Versions/A/QuartzCore
0x000000000628c000 	/System/Library/Frameworks/Carbon.framework/Versions/A/Frameworks/SpeechRecognition.framework/Versions/A/SpeechRecognition
0x000000000628c000 	/usr/lib/libauto.dylib
0x000000000628c000 	/usr/lib/libicucore.A.dylib
0x000000000628c000 	/usr/lib/libxml2.2.dylib
0x000000000628c000 	/System/Library/PrivateFrameworks/CoreUI.framework/Versions/A/CoreUI
0x000000000628c000 	/System/Library/Frameworks/CoreAudio.framework/Versions/A/CoreAudio
0x000000000628c000 	/System/Library/Frameworks/DiskArbitration.framework/Versions/A/DiskArbitration
0x000000000628c000 	/usr/lib/liblangid.dylib
0x000000000628c000 	/System/Library/PrivateFrameworks/MultitouchSupport.framework/Versions/A/MultitouchSupport
0x000000000628c000 	/System/Library/Frameworks/IOKit.framework/Versions/A/IOKit
0x000000000628c000 	/usr/lib/libDiagnosticMessagesClient.dylib
0x000000000628c000 	/System/Library/Frameworks/CoreServices.framework/Versions/A/CoreServices
0x000000000628c000 	/System/Library/PrivateFrameworks/PerformanceAnalysis.framework/Versions/A/PerformanceAnalysis
0x000000000628c000 	/System/Library/PrivateFrameworks/GenerationalStorage.framework/Versions/A/GenerationalStorage
0x000000000628c000 	/System/Library/Frameworks/OpenGL.framework/Versions/A/OpenGL
0x000000000628c000 	/System/Library/PrivateFrameworks/Sharing.framework/Versions/A/Sharing
0x000000000628c000 	/System/Library/Frameworks/CoreGraphics.framework/Versions/A/CoreGraphics
0x000000000628c000 	/System/Library/Frameworks/CoreImage.framework/Versions/A/CoreImage
0x000000000628c000 	/System/Library/Frameworks/CoreText.framework/Versions/A/CoreText
0x000000000628c000 	/System/Library/Frameworks/ImageIO.framework/Versions/A/ImageIO
0x000000000628c000 	/System/Library/PrivateFrameworks/Backup.framework/Versions/A/Backup
0x000000000628c000 	/usr/lib/libextension.dylib
0x000000000628c000 	/usr/lib/libarchive.2.dylib
0x000000000628c000 	/System/Library/Frameworks/CFNetwork.framework/Versions/A/CFNetwork
0x000000000628c000 	/System/Library/Frameworks/SystemConfiguration.framework/Versions/A/SystemConfiguration
0x000000000628c000 	/usr/lib/libCRFSuite.dylib
0x000000000628c000 	/usr/lib/libc++.1.dylib
0x000000000628c000 	/usr/lib/libc++abi.dylib
0x000000000628c000 	/usr/lib/system/libcache.dylib
0x000000000628c000 	/usr/lib/system/libcommonCrypto.dylib
0x000000000628c000 	/usr/lib/system/libcompiler_rt.dylib
0x000000000628c000 	/usr/lib/system/libcopyfile.dylib
0x000000000628c000 	/usr/lib/system/libcorecrypto.dylib
0x000000000628c000 	/usr/lib/system/libdispatch.dylib
0x000000000628c000 	/usr/lib/system/libdyld.dylib
0x000000000628c000 	/usr/lib/system/libkeymgr.dylib
0x000000000628c000 	/usr/lib/system/liblaunch.dylib
0x000000000628c000 	/usr/lib/system/libmacho.dylib
0x000000000628c000 	/usr/lib/system/libquarantine.dylib
0x000000000628c000 	/usr/lib/system/libremovefile.dylib
0x000000000628c000 	/usr/lib/system/libsystem_asl.dylib
0x000000000628c000 	/usr/lib/system/libsystem_blocks.dylib
0x000000000628c000 	/usr/lib/system/libsystem_c.dylib
0x000000000628c000 	/usr/lib/system/libsystem_configuration.dylib
0x000000000628c000 	/usr/lib/system/libsystem_coreservices.dylib
0x000000000628c000 	/usr/lib/system/libsystem_coretls.dylib
0x000000000628c000 	/usr/lib/system/libsystem_dnssd.dylib
0x000000000628c000 	/usr/lib/system/libsystem_info.dylib
0x000000000628c000 	/usr/lib/system/libsystem_kernel.dylib
0x000000000628c000 	/usr/lib/system/libsystem_m.dylib
0x000000000628c000 	/usr/lib/system/libsystem_malloc.dylib
0x000000000628c000 	/usr/lib/system/libsystem_network.dylib
0x000000000628c000 	/usr/lib/system/libsystem_networkextension.dylib
0x000000000628c000 	/usr/lib/system/libsystem_notify.dylib
0x000000000628c000 	/usr/lib/system/libsystem_platform.dylib
0x000000000628c000 	/usr/lib/system/libsystem_pthread.dylib
0x000000000628c000 	/usr/lib/system/libsystem_sandbox.dylib
0x000000000628c000 	/usr/lib/system/libsystem_secinit.dylib
0x000000000628c000 	/usr/lib/system/libsystem_trace.dylib
0x000000000628c000 	/usr/lib/system/libunc.dylib
0x000000000628c000 	/usr/lib/system/libunwind.dylib
0x000000000628c000 	/usr/lib/system/libxpc.dylib
0x000000000628c000 	/usr/lib/libenergytrace.dylib
0x000000000628c000 	/usr/lib/libbsm.0.dylib
0x000000000628c000 	/usr/lib/system/libkxld.dylib
0x000000000628c000 	/usr/lib/libxar.1.dylib
0x000000000628c000 	/usr/lib/libsqlite3.dylib
0x000000000628c000 	/usr/lib/libpam.2.dylib
0x000000000628c000 	/usr/lib/libOpenScriptingUtil.dylib
0x000000000628c000 	/usr/lib/libbz2.1.0.dylib
0x000000000628c000 	/usr/lib/liblzma.5.dylib
0x000000000628c000 	/System/Library/Frameworks/CoreServices.framework/Versions/A/Frameworks/FSEvents.framework/Versions/A/FSEvents
0x000000000628c000 	/System/Library/Frameworks/CoreServices.framework/Versions/A/Frameworks/CarbonCore.framework/Versions/A/CarbonCore
0x000000000628c000 	/System/Library/Frameworks/CoreServices.framework/Versions/A/Frameworks/Metadata.framework/Versions/A/Metadata
0x000000000628c000 	/System/Library/Frameworks/CoreServices.framework/Versions/A/Frameworks/OSServices.framework/Versions/A/OSServices
0x000000000628c000 	/System/Library/Frameworks/CoreServices.framework/Versions/A/Frameworks/SearchKit.framework/Versions/A/SearchKit
0x000000000628c000 	/System/Library/Frameworks/CoreServices.framework/Versions/A/Frameworks/AE.framework/Versions/A/AE
0x000000000628c000 	/System/Library/Frameworks/CoreServices.framework/Versions/A/Frameworks/LaunchServices.framework/Versions/A/LaunchServices
0x000000000628c000 	/System/Library/Frameworks/CoreServices.framework/Versions/A/Frameworks/DictionaryServices.framework/Versions/A/DictionaryServices
0x000000000628c000 	/System/Library/Frameworks/CoreServices.framework/Versions/A/Frameworks/SharedFileList.framework/Versions/A/SharedFileList
0x000000000628c000 	/System/Library/Frameworks/NetFS.framework/Versions/A/NetFS
0x000000000628c000 	/System/Library/PrivateFrameworks/NetAuth.framework/Versions/A/NetAuth
0x000000000628c000 	/System/Library/PrivateFrameworks/login.framework/Versions/A/Frameworks/loginsupport.framework/Versions/A/loginsupport
0x000000000628c000 	/System/Library/PrivateFrameworks/TCC.framework/Versions/A/TCC
0x000000000628c000 	/usr/lib/libmecabra.dylib
0x000000000628c000 	/System/Library/Frameworks/ApplicationServices.framework/Versions/A/Frameworks/ATS.framework/Versions/A/ATS
0x000000000628c000 	/System/Library/Frameworks/ApplicationServices.framework/Versions/A/Frameworks/ColorSync.framework/Versions/A/ColorSync
0x000000000628c000 	/System/Library/Frameworks/ApplicationServices.framework/Versions/A/Frameworks/HIServices.framework/Versions/A/HIServices
0x000000000628c000 	/System/Library/Frameworks/ApplicationServices.framework/Versions/A/Frameworks/LangAnalysis.framework/Versions/A/LangAnalysis
0x000000000628c000 	/System/Library/Frameworks/ApplicationServices.framework/Versions/A/Frameworks/PrintCore.framework/Versions/A/PrintCore
0x000000000628c000 	/System/Library/Frameworks/ApplicationServices.framework/Versions/A/Frameworks/QD.framework/Versions/A/QD
0x000000000628c000 	/System/Library/Frameworks/ApplicationServices.framework/Versions/A/Frameworks/SpeechSynthesis.framework/Versions/A/SpeechSynthesis
0x000000000628c000 	/System/Library/Frameworks/Metal.framework/Versions/A/Metal
0x000000000628c000 	/System/Library/Frameworks/Accelerate.framework/Versions/A/Frameworks/vImage.framework/Versions/A/vImage
0x000000000628c000 	/System/Library/Frameworks/Accelerate.framework/Versions/A/Frameworks/vecLib.framework/Versions/A/vecLib
0x000000000628c000 	/System/Library/Frameworks/Accelerate.framework/Versions/A/Frameworks/vecLib.framework/Versions/A/libvDSP.dylib
0x000000000628c000 	/System/Library/Frameworks/Accelerate.framework/Versions/A/Frameworks/vecLib.framework/Versions/A/libvMisc.dylib
0x000000000628c000 	/System/Library/Frameworks/Accelerate.framework/Versions/A/Frameworks/vecLib.framework/Versions/A/libLAPACK.dylib
0x000000000628c000 	/System/Library/Frameworks/Accelerate.framework/Versions/A/Frameworks/vecLib.framework/Versions/A/libBLAS.dylib
0x000000000628c000 	/System/Library/Frameworks/Accelerate.framework/Versions/A/Frameworks/vecLib.framework/Versions/A/libLinearAlgebra.dylib
0x000000000628c000 	/System/Library/Frameworks/Accelerate.framework/Versions/A/Frameworks/vecLib.framework/Versions/A/libSparseBLAS.dylib
0x000000000628c000 	/System/Library/PrivateFrameworks/GPUCompiler.framework/libmetal_timestamp.dylib
0x000000000628c000 	/System/Library/Frameworks/OpenGL.framework/Versions/A/Libraries/libCoreFSCache.dylib
0x000000000628c000 	/System/Library/PrivateFrameworks/IOAccelerator.framework/Versions/A/IOAccelerator
0x000000000628c000 	/System/Library/Frameworks/ApplicationServices.framework/Versions/A/Frameworks/ATS.framework/Versions/A/Resources/libFontParser.dylib
0x000000000628c000 	/System/Library/Frameworks/ApplicationServices.framework/Versions/A/Frameworks/ATS.framework/Versions/A/Resources/libFontRegistry.dylib
0x000000000628c000 	/System/Library/PrivateFrameworks/AppleVPA.framework/Versions/A/AppleVPA
0x000000000628c000 	/System/Library/PrivateFrameworks/AppleJPEG.framework/Versions/A/AppleJPEG
0x000000000628c000 	/System/Library/Frameworks/ImageIO.framework/Versions/A/Resources/libJPEG.dylib
0x000000000628c000 	/System/Library/Frameworks/ImageIO.framework/Versions/A/Resources/libTIFF.dylib
0x000000000628c000 	/System/Library/Frameworks/ImageIO.framework/Versions/A/Resources/libPng.dylib
0x000000000628c000 	/System/Library/Frameworks/ImageIO.framework/Versions/A/Resources/libGIF.dylib
0x000000000628c000 	/System/Library/Frameworks/ImageIO.framework/Versions/A/Resources/libJP2.dylib
0x000000000628c000 	/System/Library/Frameworks/ImageIO.framework/Versions/A/Resources/libRadiance.dylib
0x000000000628c000 	/System/Library/Frameworks/CoreVideo.framework/Versions/A/CoreVideo
0x000000000628c000 	/System/Library/Frameworks/OpenGL.framework/Versions/A/Libraries/libGLU.dylib
0x000000000628c000 	/System/Library/Frameworks/OpenGL.framework/Versions/A/Libraries/libGFXShared.dylib
0x000000000628c000 	/System/Library/Frameworks/OpenGL.framework/Versions/A/Libraries/libGL.dylib
0x000000000628c000 	/System/Library/Frameworks/OpenGL.framework/Versions/A/Libraries/libGLImage.dylib
0x000000000628c000 	/System/Library/Frameworks/OpenGL.framework/Versions/A/Libraries/libCVMSPluginSupport.dylib
0x000000000628c000 	/System/Library/Frameworks/OpenGL.framework/Versions/A/Libraries/libCoreVMClient.dylib
0x000000000628c000 	/usr/lib/libcompression.dylib
0x000000000628c000 	/usr/lib/libcups.2.dylib
0x000000000628c000 	/System/Library/Frameworks/Kerberos.framework/Versions/A/Kerberos
0x000000000628c000 	/System/Library/Frameworks/GSS.framework/Versions/A/GSS
0x000000000628c000 	/usr/lib/libresolv.9.dylib
0x000000000628c000 	/usr/lib/libiconv.2.dylib
0x000000000628c000 	/System/Library/PrivateFrameworks/Heimdal.framework/Versions/A/Heimdal
0x000000000628c000 	/usr/lib/libheimdal-asn1.dylib
0x000000000628c000 	/System/Library/Frameworks/OpenDirectory.framework/Versions/A/OpenDirectory
0x000000000628c000 	/System/Library/PrivateFrameworks/CommonAuth.framework/Versions/A/CommonAuth
0x000000000628c000 	/System/Library/Frameworks/OpenDirectory.framework/Versions/A/Frameworks/CFOpenDirectory.framework/Versions/A/CFOpenDirectory
0x000000000628c000 	/System/Library/Frameworks/SecurityFoundation.framework/Versions/A/SecurityFoundation
0x000000000628c000 	/System/Library/PrivateFrameworks/LanguageModeling.framework/Versions/A/LanguageModeling
0x000000000628c000 	/usr/lib/libmarisa.dylib
0x000000000628c000 	/usr/lib/libChineseTokenizer.dylib
0x000000000628c000 	/usr/lib/libcmph.dylib
0x000000000628c000 	/System/Library/Frameworks/ServiceManagement.framework/Versions/A/ServiceManagement
0x000000000628c000 	/usr/lib/libxslt.1.dylib
0x000000000628c000 	/System/Library/Frameworks/Carbon.framework/Versions/A/Frameworks/Ink.framework/Versions/A/Ink
0x000000000628c000 	/usr/lib/libFosl_dynamic.dylib
0x000000000628c000 	/System/Library/PrivateFrameworks/FaceCore.framework/Versions/A/FaceCore
0x000000000628c000 	/System/Library/Frameworks/OpenCL.framework/Versions/A/OpenCL
0x000000000628c000 	/System/Library/PrivateFrameworks/CrashReporterSupport.framework/Versions/A/CrashReporterSupport
0x000000000628c000 	/System/Library/PrivateFrameworks/IconServices.framework/Versions/A/IconServices
0x000000000628c000 	/System/Library/PrivateFrameworks/Apple80211.framework/Versions/A/Apple80211
0x000000000628c000 	/System/Library/Frameworks/CoreWLAN.framework/Versions/A/CoreWLAN
0x000000000628c000 	/System/Library/Frameworks/IOBluetooth.framework/Versions/A/IOBluetooth
0x000000000628c000 	/System/Library/PrivateFrameworks/CoreWiFi.framework/Versions/A/CoreWiFi
0x000000000628c000 	/System/Library/Frameworks/CoreBluetooth.framework/Versions/A/CoreBluetooth
0x000000000628c000 	/System/Library/PrivateFrameworks/ChunkingLibrary.framework/Versions/A/ChunkingLibrary
0x000000000628c000 	/System/Library/PrivateFrameworks/DebugSymbols.framework/Versions/A/DebugSymbols
0x000000000628c000 	/System/Library/PrivateFrameworks/CoreSymbolication.framework/Versions/A/CoreSymbolication
0x000000000628c000 	/System/Library/PrivateFrameworks/Symbolication.framework/Versions/A/Symbolication
0x000000000628c000 	/System/Library/PrivateFrameworks/SpeechRecognitionCore.framework/Versions/A/SpeechRecognitionCore
0x0000000102a00000 	/Library/Java/JavaVirtualMachines/jdk1.8.0_101.jdk/Contents/Home/jre/lib/server/libjvm.dylib
0x000000000628c000 	/usr/lib/libstdc++.6.dylib
0x00000001020f7000 	/Library/Java/JavaVirtualMachines/jdk1.8.0_101.jdk/Contents/Home/jre/lib/libverify.dylib
0x0000000102105000 	/Library/Java/JavaVirtualMachines/jdk1.8.0_101.jdk/Contents/Home/jre/lib/libjava.dylib
0x0000000102144000 	/Library/Java/JavaVirtualMachines/jdk1.8.0_101.jdk/Contents/Home/jre/lib/libzip.dylib
0x0000000119255000 	/System/Library/Frameworks/JavaVM.framework/Frameworks/JavaRuntimeSupport.framework/JavaRuntimeSupport
0x0000000119270000 	/System/Library/Frameworks/JavaVM.framework/Versions/A/Frameworks/JavaNativeFoundation.framework/Versions/A/JavaNativeFoundation
0x0000000119285000 	/System/Library/Frameworks/JavaVM.framework/Versions/A/JavaVM
0x000000000628c000 	/System/Library/Frameworks/Carbon.framework/Versions/A/Carbon
0x0000000119292000 	/System/Library/PrivateFrameworks/JavaLaunching.framework/Versions/A/JavaLaunching
0x000000000628c000 	/System/Library/Frameworks/Carbon.framework/Versions/A/Frameworks/CommonPanels.framework/Versions/A/CommonPanels
0x000000000628c000 	/System/Library/Frameworks/Carbon.framework/Versions/A/Frameworks/Help.framework/Versions/A/Help
0x000000000628c000 	/System/Library/Frameworks/Carbon.framework/Versions/A/Frameworks/ImageCapture.framework/Versions/A/ImageCapture
0x000000000628c000 	/System/Library/Frameworks/Carbon.framework/Versions/A/Frameworks/OpenScripting.framework/Versions/A/OpenScripting
0x000000000628c000 	/System/Library/Frameworks/Carbon.framework/Versions/A/Frameworks/Print.framework/Versions/A/Print
0x000000000628c000 	/System/Library/Frameworks/Carbon.framework/Versions/A/Frameworks/SecurityHI.framework/Versions/A/SecurityHI
0x000000011abb1000 	/Library/Java/JavaVirtualMachines/jdk1.8.0_101.jdk/Contents/Home/jre/lib/libawt.dylib
0x000000011ac59000 	/Library/Java/JavaVirtualMachines/jdk1.8.0_101.jdk/Contents/Home/jre/lib/./libmlib_image.dylib
0x000000011ad25000 	/Library/Java/JavaVirtualMachines/jdk1.8.0_101.jdk/Contents/Home/jre/lib/libawt_lwawt.dylib
0x000000011adda000 	/Library/Java/JavaVirtualMachines/jdk1.8.0_101.jdk/Contents/Home/jre/lib/./libosxapp.dylib
0x000000000628c000 	/System/Library/Frameworks/ExceptionHandling.framework/Versions/A/ExceptionHandling
0x000000000628c000 	/System/Library/PrivateFrameworks/CoreServicesInternal.framework/Versions/A/CoreServicesInternal
0x000000000628c000 	/System/Library/Frameworks/CoreGraphics.framework/Versions/A/Resources/libRIP.A.dylib
0x000000000628c000 	/System/Library/Frameworks/Accelerate.framework/Versions/A/Frameworks/vImage.framework/Versions/A/Libraries/libCGInterfaces.dylib
0x000000000628c000 	/System/Library/Frameworks/CoreGraphics.framework/Versions/A/Resources/libCGXType.A.dylib
0x000000000628c000 	/System/Library/Frameworks/OpenCL.framework/Versions/A/Libraries/libcldcpuengine.dylib
0x000000000628c000 	/System/Library/PrivateFrameworks/DiskImages.framework/Versions/A/DiskImages
0x000000000628c000 	/System/Library/Frameworks/DiscRecording.framework/Versions/A/DiscRecording
0x000000000628c000 	/usr/lib/libcsfde.dylib
0x000000000628c000 	/usr/lib/libcurl.4.dylib
0x000000000628c000 	/System/Library/PrivateFrameworks/MediaKit.framework/Versions/A/MediaKit
0x000000000628c000 	/System/Library/PrivateFrameworks/ProtectedCloudStorage.framework/Versions/A/ProtectedCloudStorage
0x000000000628c000 	/usr/lib/libCoreStorage.dylib
0x000000000628c000 	/System/Library/PrivateFrameworks/EFILogin.framework/Versions/A/EFILogin
0x000000000628c000 	/usr/lib/libutil.dylib
0x000000000628c000 	/System/Library/PrivateFrameworks/FindMyDevice.framework/Versions/A/FindMyDevice
0x000000000628c000 	/System/Library/Frameworks/LDAP.framework/Versions/A/LDAP
0x000000000628c000 	/usr/lib/libsasl2.2.dylib
0x000000000628c000 	/System/Library/PrivateFrameworks/CoreDaemon.framework/Versions/B/CoreDaemon
0x000000000628c000 	/usr/lib/libcrypto.0.9.8.dylib
0x000000000628c000 	/System/Library/PrivateFrameworks/AppleSRP.framework/Versions/A/AppleSRP
0x000000000628c000 	/System/Library/PrivateFrameworks/TrustEvaluationAgent.framework/Versions/A/TrustEvaluationAgent
0x000000011cb2c000 	cl_kernels
0x000000000628c000 	/System/Library/Frameworks/OpenCL.framework/Versions/A/Libraries/ImageFormats/unorm8_bgra.dylib
0x000000000628c000 	/System/Library/Frameworks/OpenCL.framework/Versions/A/Libraries/ImageFormats/unorm8_rgba.dylib
0x000000000628c000 	/System/Library/PrivateFrameworks/FamilyControls.framework/Versions/A/FamilyControls
0x000000000628c000 	/System/Library/PrivateFrameworks/CommerceKit.framework/Versions/A/Frameworks/CommerceCore.framework/Versions/A/CommerceCore
0x000000000628c000 	/System/Library/PrivateFrameworks/SystemAdministration.framework/Versions/A/SystemAdministration
0x000000000628c000 	/System/Library/PrivateFrameworks/AppContainer.framework/Versions/A/AppContainer
0x000000000628c000 	/System/Library/PrivateFrameworks/SecCodeWrapper.framework/Versions/A/SecCodeWrapper
0x000000000628c000 	/System/Library/Frameworks/DirectoryService.framework/Versions/A/DirectoryService
0x000000000628c000 	/System/Library/PrivateFrameworks/LoginUIKit.framework/Versions/A/Frameworks/LoginUICore.framework/Versions/A/LoginUICore
0x000000000628c000 	/usr/lib/libodfde.dylib
0x000000000628c000 	/System/Library/Frameworks/OpenGL.framework/Versions/A/Resources/GLEngine.bundle/GLEngine
0x000000000628c000 	/System/Library/Frameworks/OpenGL.framework/Versions/A/Libraries/libGLProgrammability.dylib
0x000000011dc2a000 	/System/Library/Extensions/AppleIntelBDWGraphicsGLDriver.bundle/Contents/MacOS/AppleIntelBDWGraphicsGLDriver
0x000000000628c000 	/System/Library/PrivateFrameworks/GPUSupport.framework/Versions/A/Libraries/libGPUSupportMercury.dylib
0x000000000628c000 	/System/Library/Frameworks/OpenGL.framework/Versions/A/Resources/GLRendererFloat.bundle/GLRendererFloat
0x000000011ebb0000 	/Library/Java/JavaVirtualMachines/jdk1.8.0_101.jdk/Contents/Home/jre/lib/libfontmanager.dylib
0x0000000120078000 	/Library/Java/JavaVirtualMachines/jdk1.8.0_101.jdk/Contents/Home/jre/lib/libosxui.dylib
0x0000000120b65000 	/Library/Java/JavaVirtualMachines/jdk1.8.0_101.jdk/Contents/Home/jre/lib/libnet.dylib
0x0000000120d65000 	/Library/Java/JavaVirtualMachines/jdk1.8.0_101.jdk/Contents/Home/jre/lib/libnio.dylib
0x000000000628c000 	/System/Library/Frameworks/ApplicationServices.framework/Versions/A/Frameworks/ATS.framework/Versions/A/Resources/libTrueTypeScaler.dylib
0x0000000171ec2000 	/System/Library/Extensions/AppleIntelBDWGraphicsMTLDriver.bundle/Contents/MacOS/AppleIntelBDWGraphicsMTLDriver
0x000000011c128000 	/private/var/folders/n4/mn6_p6sn53381b9brj6bbx_80000gn/T/jogamp_0000/file_cache/jln7481864827739853386/jln1065236616573848524/libgluegen-rt.jnilib
0x000000011c12d000 	/private/var/folders/n4/mn6_p6sn53381b9brj6bbx_80000gn/T/jogamp_0000/file_cache/jln7481864827739853386/jln1065236616573848524/libnativewindow_awt.jnilib
0x000000011c130000 	/Library/Java/JavaVirtualMachines/jdk1.8.0_101.jdk/Contents/Home/jre/lib/libjawt.dylib
0x0000000171d89000 	/private/var/folders/n4/mn6_p6sn53381b9brj6bbx_80000gn/T/jogamp_0000/file_cache/jln7481864827739853386/jln1065236616573848524/libnativewindow_macosx.jnilib
0x0000000172502000 	/private/var/folders/n4/mn6_p6sn53381b9brj6bbx_80000gn/T/jogamp_0000/file_cache/jln7481864827739853386/jln1065236616573848524/libjogl_desktop.jnilib

VM Arguments:
jvm_args: -Djava.security.policy=java.policy.applet -Dfile.encoding=UTF-8 
java_command: sun.applet.AppletViewer module3.EarthquakeCityMap1489783149409.html
java_class_path (initial): /Users/hsuanlee/Documents/workspace/DM_Project/build:/Users/hsuanlee/Documents/workspace/DM_Project/lib/core.jar:/Users/hsuanlee/Documents/workspace/DM_Project/lib/gluegen-rt.jar:/Users/hsuanlee/Documents/workspace/DM_Project/lib/jogl-all.jar:/Users/hsuanlee/Documents/workspace/DM_Project/lib/log4j-1.2.15.jar:/Users/hsuanlee/Documents/workspace/DM_Project/lib/sqlite-jdbc-3.7.2.jar:/Users/hsuanlee/Documents/workspace/DM_Project/lib/json4processing.jar:/Users/hsuanlee/Documents/workspace/DM_Project/lib/libTUIO.jar:/Users/hsuanlee/Documents/workspace/DM_Project/lib/unfolding.0.9.7-uscd.jar
Launcher Type: SUN_STANDARD

Environment Variables:
PATH=/usr/bin:/bin:/usr/sbin:/sbin
SHELL=/bin/bash

Signal Handlers:
SIGSEGV: [libjvm.dylib+0x5af145], sa_mask[0]=11111111011111110111111111111111, sa_flags=SA_ONSTACK|SA_RESTART|SA_SIGINFO
SIGBUS: [libjvm.dylib+0x5af145], sa_mask[0]=11111111011111110111111111111111, sa_flags=SA_RESTART|SA_SIGINFO
SIGFPE: [libjvm.dylib+0x48694c], sa_mask[0]=11111111011111110111111111111111, sa_flags=SA_RESTART|SA_SIGINFO
SIGPIPE: [libjvm.dylib+0x48694c], sa_mask[0]=11111111011111110111111111111111, sa_flags=SA_RESTART|SA_SIGINFO
SIGXFSZ: [libjvm.dylib+0x48694c], sa_mask[0]=11111111011111110111111111111111, sa_flags=SA_RESTART|SA_SIGINFO
SIGILL: [libjvm.dylib+0x48694c], sa_mask[0]=11111111011111110111111111111111, sa_flags=SA_RESTART|SA_SIGINFO
SIGUSR1: SIG_DFL, sa_mask[0]=00000000000000000000000000000000, sa_flags=none
SIGUSR2: [libjvm.dylib+0x48646a], sa_mask[0]=00100000000000000000000000000000, sa_flags=SA_RESTART|SA_SIGINFO
SIGHUP: [libjvm.dylib+0x484a41], sa_mask[0]=11111111011111110111111111111111, sa_flags=SA_RESTART|SA_SIGINFO
SIGINT: [libjvm.dylib+0x484a41], sa_mask[0]=11111111011111110111111111111111, sa_flags=SA_RESTART|SA_SIGINFO
SIGTERM: [libjvm.dylib+0x484a41], sa_mask[0]=11111111011111110111111111111111, sa_flags=SA_RESTART|SA_SIGINFO
SIGQUIT: [libjvm.dylib+0x484a41], sa_mask[0]=11111111011111110111111111111111, sa_flags=SA_RESTART|SA_SIGINFO


---------------  S Y S T E M  ---------------

OS:Bsduname:Darwin 15.6.0 Darwin Kernel Version 15.6.0: Mon Jan  9 23:07:29 PST 2017; root:xnu-3248.60.11.2.1~1/RELEASE_X86_64 x86_64
rlimit: STACK 8192k, CORE 0k, NPROC 709, NOFILE 10240, AS infinity
load average:2.08 1.96 1.86

CPU:total 4 (2 cores per cpu, 2 threads per core) family 6 model 61 stepping 4, cmov, cx8, fxsr, mmx, sse, sse2, sse3, ssse3, sse4.1, sse4.2, popcnt, avx, avx2, aes, clmul, erms, 3dnowpref, lzcnt, ht, tsc, tscinvbit, bmi1, bmi2, adx

Memory: 4k page, physical 8388608k(175824k free)

/proc/meminfo:


vm_info: Java HotSpot(TM) 64-Bit Server VM (25.101-b13) for bsd-amd64 JRE (1.8.0_101-b13), built on Jun 22 2016 02:42:15 by "java_re" with gcc 4.2.1 (Based on Apple Inc. build 5658) (LLVM build 2336.11.00)

time: Fri Mar 17 14:41:27 2017
elapsed time: 138 seconds (0d 0h 2m 18s)

